asyncio - DEBUG - Using selector: EpollSelector
httpx - INFO - HTTP Request: GET http://testserver/ "HTTP/1.1 200 OK"
root - DEBUG - QUOTING
root - DEBUG - FIELD SEARCH
root - DEBUG - EXPRSSION UNARY
root - DEBUG - QUOTING
root - DEBUG - FIELD SEARCH
root - DEBUG - EXPRSSION UNARY
root - DEBUG - QUOTING
root - DEBUG - FIELD SEARCH
root - DEBUG - EXPRSSION UNARY
root - DEBUG - OR
root - DEBUG - GROUPING
root - DEBUG - EXPRSSION UNARY
root - DEBUG - QUOTING
root - DEBUG - FIELD SEARCH
root - DEBUG - EXPRSSION UNARY
root - DEBUG - QUOTING
root - DEBUG - FIELD SEARCH
root - DEBUG - EXPRSSION UNARY
root - DEBUG - AND
root - DEBUG - GROUPING
root - DEBUG - EXPRSSION UNARY
root - DEBUG - QUOTING
root - DEBUG - FIELD SEARCH
root - DEBUG - EXPRSSION UNARY
root - DEBUG - GROUPING
root - DEBUG - EXPRSSION UNARY
root - DEBUG - QUOTING
root - DEBUG - FIELD SEARCH
root - DEBUG - EXPRSSION UNARY
root - DEBUG - QUOTING
root - DEBUG - FIELD SEARCH
root - DEBUG - EXPRSSION UNARY
root - DEBUG - OR
root - DEBUG - QUOTING
root - DEBUG - FIELD SEARCH
root - DEBUG - EXPRSSION UNARY
root - DEBUG - OR
root - DEBUG - QUOTING
root - DEBUG - FIELD SEARCH
root - DEBUG - EXPRSSION UNARY
root - DEBUG - OR
root - DEBUG - GROUPING
root - DEBUG - EXPRSSION UNARY
root - DEBUG - GROUPING
root - DEBUG - EXPRSSION UNARY
root - DEBUG - OR
root - DEBUG - QUOTING
root - DEBUG - FIELD SEARCH
root - DEBUG - EXPRSSION UNARY
root - DEBUG - QUOTING
root - DEBUG - FIELD SEARCH
root - DEBUG - EXPRSSION UNARY
root - DEBUG - OR
root - DEBUG - QUOTING
root - DEBUG - FIELD SEARCH
root - DEBUG - EXPRSSION UNARY
root - DEBUG - OR
root - DEBUG - GROUPING
root - DEBUG - EXPRSSION UNARY
root - DEBUG - GROUPING
root - DEBUG - EXPRSSION UNARY
root - DEBUG - OR
root - DEBUG - GROUPING
root - DEBUG - EXPRSSION UNARY
root - DEBUG - GROUPING
root - DEBUG - EXPRSSION UNARY
root - DEBUG - QUOTING
root - DEBUG - FIELD SEARCH
root - DEBUG - EXPRSSION UNARY
root - DEBUG - GROUPING
root - DEBUG - EXPRSSION UNARY
root - DEBUG - GROUPING
root - DEBUG - EXPRSSION UNARY
root - DEBUG - QUOTING
root - DEBUG - FIELD SEARCH
root - DEBUG - EXPRSSION UNARY
root - DEBUG - QUOTING
root - DEBUG - FIELD SEARCH
root - DEBUG - EXPRSSION UNARY
root - DEBUG - OR
root - DEBUG - QUOTING
root - DEBUG - FIELD SEARCH
root - DEBUG - EXPRSSION UNARY
root - DEBUG - OR
root - DEBUG - QUOTING
root - DEBUG - FIELD SEARCH
root - DEBUG - EXPRSSION UNARY
root - DEBUG - OR
root - DEBUG - GROUPING
root - DEBUG - EXPRSSION UNARY
root - DEBUG - GROUPING
root - DEBUG - EXPRSSION UNARY
root - DEBUG - GROUPING
root - DEBUG - EXPRSSION UNARY
root - DEBUG - OR
root - DEBUG - GROUPING
root - DEBUG - EXPRSSION UNARY
root - DEBUG - GROUPING
root - DEBUG - NOT
root - DEBUG - EXPRSSION UNARY
root - DEBUG - AND
root - DEBUG - GROUPING
root - DEBUG - EXPRSSION UNARY
root - DEBUG - QUOTING
root - DEBUG - FIELD SEARCH
root - DEBUG - EXPRSSION UNARY
root - DEBUG - QUOTING
root - DEBUG - FIELD SEARCH
root - DEBUG - EXPRSSION UNARY
root - DEBUG - QUOTING
root - DEBUG - FIELD SEARCH
root - DEBUG - EXPRSSION UNARY
root - DEBUG - OR
root - DEBUG - GROUPING
root - DEBUG - EXPRSSION UNARY
root - DEBUG - AND
root - DEBUG - GROUPING
root - DEBUG - EXPRSSION UNARY
root - DEBUG - GROUPING
root - DEBUG - EXPRSSION UNARY
root - DEBUG - QUOTING
root - DEBUG - FIELD SEARCH
root - DEBUG - EXPRSSION UNARY
root - DEBUG - QUOTING
root - DEBUG - FIELD SEARCH
root - DEBUG - EXPRSSION UNARY
root - DEBUG - OR
root - DEBUG - GROUPING
root - DEBUG - EXPRSSION UNARY
root - DEBUG - GROUPING
root - DEBUG - EXPRSSION UNARY
root - DEBUG - GROUPING
root - DEBUG - EXPRSSION UNARY
root - DEBUG - OR
root - DEBUG - GROUPING
root - DEBUG - EXPRSSION UNARY
root - DEBUG - GROUPING
root - DEBUG - NOT
root - DEBUG - EXPRSSION UNARY
root - DEBUG - AND
root - DEBUG - GROUPING
root - DEBUG - EXPRSSION UNARY
root - DEBUG - QUOTING
root - DEBUG - FIELD SEARCH
root - DEBUG - EXPRSSION UNARY
root - DEBUG - QUOTING
root - DEBUG - FIELD SEARCH
root - DEBUG - EXPRSSION UNARY
root - DEBUG - GROUPING
root - DEBUG - EXPRSSION UNARY
root - DEBUG - AND
root - DEBUG - QUOTING
root - DEBUG - FIELD SEARCH
root - DEBUG - EXPRSSION UNARY
root - DEBUG - GROUPING
root - DEBUG - EXPRSSION UNARY
root - DEBUG - AND
root - DEBUG - QUOTING
root - DEBUG - FIELD SEARCH
root - DEBUG - EXPRSSION UNARY
root - DEBUG - QUOTING
root - DEBUG - FIELD SEARCH
root - DEBUG - EXPRSSION UNARY
root - DEBUG - OR
root - DEBUG - GROUPING
root - DEBUG - EXPRSSION UNARY
root - DEBUG - AND
root - DEBUG - GROUPING
root - DEBUG - EXPRSSION UNARY
